2012-09-25 22:56:48 weka.gui.GUIChooser main
INFO: Logging started
---Registering Weka Editors---
Trying to add database driver (JDBC): RmiJdbc.RJDriver - Error, not in CLASSPATH?
Trying to add database driver (JDBC): jdbc.idbDriver - Error, not in CLASSPATH?
Trying to add database driver (JDBC): org.gjt.mm.mysql.Driver - Error, not in CLASSPATH?
Trying to add database driver (JDBC): com.mckoi.JDBCDriver - Error, not in CLASSPATH?
Trying to add database driver (JDBC): org.hsqldb.jdbcDriver - Error, not in CLASSPATH?
CALLED ExperimentEnvironment
[DEBUGGER] ---- Setup
Tester set to: weka.experiment.PairedCorrectedTTester
2012-09-25 22:57:34 weka.gui.explorer.Explorer <init>
INFO: Weka Explorer
2012-09-25 22:57:34 weka.gui.explorer.Explorer <init>
INFO: (c) 1999-2012 The University of Waikato, Hamilton, New Zealand
2012-09-25 22:57:34 weka.gui.explorer.Explorer <init>
INFO: web: http://www.cs.waikato.ac.nz/~ml/weka/
2012-09-25 22:57:34 weka.gui.explorer.Explorer <init>
INFO: Started on Tuesday, 25 September 2012
[KnowledgeFlow] Loading properties and plugins...
[KnowledgeFlow] Initializing KF...
2012-09-25 22:57:46 weka.gui.beans.LogPanel logMessage
INFO: Weka Knowledge Flow was written by Mark Hall
2012-09-25 22:57:46 weka.gui.beans.LogPanel logMessage
INFO: Weka Knowledge Flow
2012-09-25 22:57:46 weka.gui.beans.LogPanel logMessage
INFO: (c) 2002-2012 The University of Waikato, Hamilton, New Zealand
2012-09-25 22:57:46 weka.gui.beans.LogPanel logMessage
INFO: web: http://www.cs.waikato.ac.nz/~ml/weka/
2012-09-25 22:57:46 weka.gui.beans.LogPanel logMessage
INFO: Tuesday, 25 September 2012
